I, [2019-03-05T11:35:22.688706 #889]  INFO -- default-hashicorp-precise64: -----> Converging <default-hashicorp-precise64>...
I, [2019-03-05T11:35:22.690878 #889]  INFO -- default-hashicorp-precise64: Preparing files for transfer
I, [2019-03-05T11:35:22.691074 #889]  INFO -- default-hashicorp-precise64: Preparing dna.json
I, [2019-03-05T11:35:22.691738 #889]  INFO -- default-hashicorp-precise64: Preparing current project directory as a cookbook
I, [2019-03-05T11:35:22.697290 #889]  INFO -- default-hashicorp-precise64: Removing non-cookbook files before transfer
I, [2019-03-05T11:35:22.701158 #889]  INFO -- default-hashicorp-precise64: Preparing solo.rb
I, [2019-03-05T11:35:22.735301 #889]  INFO -- default-hashicorp-precise64: [SSH] connection failed, retrying in 1 seconds (#<Net::SSH::AuthenticationFailed: Authentication failed for user vagrant@127.0.0.1>)
I, [2019-03-05T11:35:23.759643 #889]  INFO -- default-hashicorp-precise64: [SSH] connection failed, retrying in 1 seconds (#<Net::SSH::AuthenticationFailed: Authentication failed for user vagrant@127.0.0.1>)
I, [2019-03-05T11:35:24.812621 #889]  INFO -- default-hashicorp-precise64: [SSH] connection failed, retrying in 1 seconds (#<Net::SSH::AuthenticationFailed: Authentication failed for user vagrant@127.0.0.1>)
I, [2019-03-05T11:35:25.839489 #889]  INFO -- default-hashicorp-precise64: [SSH] connection failed, retrying in 1 seconds (#<Net::SSH::AuthenticationFailed: Authentication failed for user vagrant@127.0.0.1>)
W, [2019-03-05T11:35:26.869273 #889]  WARN -- default-hashicorp-precise64: [SSH] connection failed, terminating (#<Net::SSH::AuthenticationFailed: Authentication failed for user vagrant@127.0.0.1>)
E, [2019-03-05T11:35:26.872334 #889] ERROR -- default-hashicorp-precise64: Converge failed on instance <default-hashicorp-precise64>.
E, [2019-03-05T11:35:26.872606 #889] ERROR -- default-hashicorp-precise64: ------Exception-------
E, [2019-03-05T11:35:26.872676 #889] ERROR -- default-hashicorp-precise64: Class: Kitchen::ActionFailed
E, [2019-03-05T11:35:26.872718 #889] ERROR -- default-hashicorp-precise64: Message: SSH session could not be established
E, [2019-03-05T11:35:26.872755 #889] ERROR -- default-hashicorp-precise64: ----------------------
E, [2019-03-05T11:35:26.872791 #889] ERROR -- default-hashicorp-precise64: ------Backtrace-------
E, [2019-03-05T11:35:26.872827 #889] ERROR -- default-hashicorp-precise64: /opt/chefdk/embedded/lib/ruby/gems/2.5.0/gems/test-kitchen-1.24.0/lib/kitchen/provisioner/base.rb:95:in `rescue in call'
E, [2019-03-05T11:35:26.872866 #889] ERROR -- default-hashicorp-precise64: /opt/chefdk/embedded/lib/ruby/gems/2.5.0/gems/test-kitchen-1.24.0/lib/kitchen/provisioner/base.rb:71:in `call'
E, [2019-03-05T11:35:26.872902 #889] ERROR -- default-hashicorp-precise64: /opt/chefdk/embedded/lib/ruby/gems/2.5.0/gems/test-kitchen-1.24.0/lib/kitchen/instance.rb:408:in `block in converge_action'
E, [2019-03-05T11:35:26.872939 #889] ERROR -- default-hashicorp-precise64: /opt/chefdk/embedded/lib/ruby/gems/2.5.0/gems/test-kitchen-1.24.0/lib/kitchen/instance.rb:551:in `synchronize_or_call'
E, [2019-03-05T11:35:26.872974 #889] ERROR -- default-hashicorp-precise64: /opt/chefdk/embedded/lib/ruby/gems/2.5.0/gems/test-kitchen-1.24.0/lib/kitchen/instance.rb:513:in `block in action'
E, [2019-03-05T11:35:26.873010 #889] ERROR -- default-hashicorp-precise64: /opt/chefdk/embedded/lib/ruby/2.5.0/benchmark.rb:293:in `measure'
E, [2019-03-05T11:35:26.873046 #889] ERROR -- default-hashicorp-precise64: /opt/chefdk/embedded/lib/ruby/gems/2.5.0/gems/test-kitchen-1.24.0/lib/kitchen/instance.rb:512:in `action'
E, [2019-03-05T11:35:26.873081 #889] ERROR -- default-hashicorp-precise64: /opt/chefdk/embedded/lib/ruby/gems/2.5.0/gems/test-kitchen-1.24.0/lib/kitchen/instance.rb:404:in `converge_action'
E, [2019-03-05T11:35:26.873116 #889] ERROR -- default-hashicorp-precise64: /opt/chefdk/embedded/lib/ruby/gems/2.5.0/gems/test-kitchen-1.24.0/lib/kitchen/instance.rb:382:in `block (2 levels) in transition_to'
E, [2019-03-05T11:35:26.873151 #889] ERROR -- default-hashicorp-precise64: /opt/chefdk/embedded/lib/ruby/gems/2.5.0/gems/test-kitchen-1.24.0/lib/kitchen/lifecycle_hooks.rb:45:in `run_with_hooks'
E, [2019-03-05T11:35:26.873221 #889] ERROR -- default-hashicorp-precise64: /opt/chefdk/embedded/lib/ruby/gems/2.5.0/gems/test-kitchen-1.24.0/lib/kitchen/instance.rb:381:in `block in transition_to'
E, [2019-03-05T11:35:26.873257 #889] ERROR -- default-hashicorp-precise64: /opt/chefdk/embedded/lib/ruby/gems/2.5.0/gems/test-kitchen-1.24.0/lib/kitchen/instance.rb:380:in `each'
E, [2019-03-05T11:35:26.873292 #889] ERROR -- default-hashicorp-precise64: /opt/chefdk/embedded/lib/ruby/gems/2.5.0/gems/test-kitchen-1.24.0/lib/kitchen/instance.rb:380:in `transition_to'
E, [2019-03-05T11:35:26.873327 #889] ERROR -- default-hashicorp-precise64: /opt/chefdk/embedded/lib/ruby/gems/2.5.0/gems/test-kitchen-1.24.0/lib/kitchen/instance.rb:140:in `converge'
E, [2019-03-05T11:35:26.873362 #889] ERROR -- default-hashicorp-precise64: /opt/chefdk/embedded/lib/ruby/gems/2.5.0/gems/test-kitchen-1.24.0/lib/kitchen/command.rb:197:in `public_send'
E, [2019-03-05T11:35:26.873397 #889] ERROR -- default-hashicorp-precise64: /opt/chefdk/embedded/lib/ruby/gems/2.5.0/gems/test-kitchen-1.24.0/lib/kitchen/command.rb:197:in `run_action_in_thread'
E, [2019-03-05T11:35:26.873432 #889] ERROR -- default-hashicorp-precise64: /opt/chefdk/embedded/lib/ruby/gems/2.5.0/gems/test-kitchen-1.24.0/lib/kitchen/command.rb:169:in `block (2 levels) in run_action'
E, [2019-03-05T11:35:26.873467 #889] ERROR -- default-hashicorp-precise64: ----End Backtrace-----
E, [2019-03-05T11:35:26.873501 #889] ERROR -- default-hashicorp-precise64: ---Nested Exception---
E, [2019-03-05T11:35:26.873536 #889] ERROR -- default-hashicorp-precise64: Class: Kitchen::Transport::SshFailed
E, [2019-03-05T11:35:26.873570 #889] ERROR -- default-hashicorp-precise64: Message: SSH session could not be established
E, [2019-03-05T11:35:26.873604 #889] ERROR -- default-hashicorp-precise64: ----------------------
E, [2019-03-05T11:35:26.873639 #889] ERROR -- default-hashicorp-precise64: ------Backtrace-------
E, [2019-03-05T11:35:26.873673 #889] ERROR -- default-hashicorp-precise64: /opt/chefdk/embedded/lib/ruby/gems/2.5.0/gems/test-kitchen-1.24.0/lib/kitchen/provisioner/base.rb:95:in `rescue in call'
E, [2019-03-05T11:35:26.873708 #889] ERROR -- default-hashicorp-precise64: /opt/chefdk/embedded/lib/ruby/gems/2.5.0/gems/test-kitchen-1.24.0/lib/kitchen/provisioner/base.rb:71:in `call'
E, [2019-03-05T11:35:26.873743 #889] ERROR -- default-hashicorp-precise64: /opt/chefdk/embedded/lib/ruby/gems/2.5.0/gems/test-kitchen-1.24.0/lib/kitchen/instance.rb:408:in `block in converge_action'
E, [2019-03-05T11:35:26.873778 #889] ERROR -- default-hashicorp-precise64: /opt/chefdk/embedded/lib/ruby/gems/2.5.0/gems/test-kitchen-1.24.0/lib/kitchen/instance.rb:551:in `synchronize_or_call'
E, [2019-03-05T11:35:26.873812 #889] ERROR -- default-hashicorp-precise64: /opt/chefdk/embedded/lib/ruby/gems/2.5.0/gems/test-kitchen-1.24.0/lib/kitchen/instance.rb:513:in `block in action'
E, [2019-03-05T11:35:26.873847 #889] ERROR -- default-hashicorp-precise64: /opt/chefdk/embedded/lib/ruby/2.5.0/benchmark.rb:293:in `measure'
E, [2019-03-05T11:35:26.873881 #889] ERROR -- default-hashicorp-precise64: /opt/chefdk/embedded/lib/ruby/gems/2.5.0/gems/test-kitchen-1.24.0/lib/kitchen/instance.rb:512:in `action'
E, [2019-03-05T11:35:26.873916 #889] ERROR -- default-hashicorp-precise64: /opt/chefdk/embedded/lib/ruby/gems/2.5.0/gems/test-kitchen-1.24.0/lib/kitchen/instance.rb:404:in `converge_action'
E, [2019-03-05T11:35:26.873951 #889] ERROR -- default-hashicorp-precise64: /opt/chefdk/embedded/lib/ruby/gems/2.5.0/gems/test-kitchen-1.24.0/lib/kitchen/instance.rb:382:in `block (2 levels) in transition_to'
E, [2019-03-05T11:35:26.873986 #889] ERROR -- default-hashicorp-precise64: /opt/chefdk/embedded/lib/ruby/gems/2.5.0/gems/test-kitchen-1.24.0/lib/kitchen/lifecycle_hooks.rb:45:in `run_with_hooks'
E, [2019-03-05T11:35:26.874021 #889] ERROR -- default-hashicorp-precise64: /opt/chefdk/embedded/lib/ruby/gems/2.5.0/gems/test-kitchen-1.24.0/lib/kitchen/instance.rb:381:in `block in transition_to'
E, [2019-03-05T11:35:26.874086 #889] ERROR -- default-hashicorp-precise64: /opt/chefdk/embedded/lib/ruby/gems/2.5.0/gems/test-kitchen-1.24.0/lib/kitchen/instance.rb:380:in `each'
E, [2019-03-05T11:35:26.874190 #889] ERROR -- default-hashicorp-precise64: /opt/chefdk/embedded/lib/ruby/gems/2.5.0/gems/test-kitchen-1.24.0/lib/kitchen/instance.rb:380:in `transition_to'
E, [2019-03-05T11:35:26.874225 #889] ERROR -- default-hashicorp-precise64: /opt/chefdk/embedded/lib/ruby/gems/2.5.0/gems/test-kitchen-1.24.0/lib/kitchen/instance.rb:140:in `converge'
E, [2019-03-05T11:35:26.874259 #889] ERROR -- default-hashicorp-precise64: /opt/chefdk/embedded/lib/ruby/gems/2.5.0/gems/test-kitchen-1.24.0/lib/kitchen/command.rb:197:in `public_send'
E, [2019-03-05T11:35:26.874292 #889] ERROR -- default-hashicorp-precise64: /opt/chefdk/embedded/lib/ruby/gems/2.5.0/gems/test-kitchen-1.24.0/lib/kitchen/command.rb:197:in `run_action_in_thread'
E, [2019-03-05T11:35:26.874326 #889] ERROR -- default-hashicorp-precise64: /opt/chefdk/embedded/lib/ruby/gems/2.5.0/gems/test-kitchen-1.24.0/lib/kitchen/command.rb:169:in `block (2 levels) in run_action'
E, [2019-03-05T11:35:26.874360 #889] ERROR -- default-hashicorp-precise64: ----End Backtrace-----
