I, [2019-03-05T11:35:21.467143 #889]  INFO -- Kitchen: -----> Starting Kitchen (v1.24.0)
I, [2019-03-05T11:35:22.688579 #889]  INFO -- Kitchen: -----> Converging <default-hashicorp-precise64>...
E, [2019-03-05T11:35:26.877825 #889] ERROR -- Kitchen: ------Exception-------
E, [2019-03-05T11:35:26.877985 #889] ERROR -- Kitchen: Class: Kitchen::ActionFailed
E, [2019-03-05T11:35:26.878093 #889] ERROR -- Kitchen: Message: 1 actions failed.
>>>>>>     Converge failed on instance <default-hashicorp-precise64>.  Please see .kitchen/logs/default-hashicorp-precise64.log for more details
E, [2019-03-05T11:35:26.878144 #889] ERROR -- Kitchen: ----------------------
E, [2019-03-05T11:35:26.878184 #889] ERROR -- Kitchen: ------Backtrace-------
E, [2019-03-05T11:35:26.878223 #889] ERROR -- Kitchen: /opt/chefdk/embedded/lib/ruby/gems/2.5.0/gems/test-kitchen-1.24.0/lib/kitchen/command.rb:183:in `report_errors'
E, [2019-03-05T11:35:26.878341 #889] ERROR -- Kitchen: /opt/chefdk/embedded/lib/ruby/gems/2.5.0/gems/test-kitchen-1.24.0/lib/kitchen/command.rb:174:in `run_action'
E, [2019-03-05T11:35:26.878381 #889] ERROR -- Kitchen: /opt/chefdk/embedded/lib/ruby/gems/2.5.0/gems/test-kitchen-1.24.0/lib/kitchen/command/action.rb:36:in `block in call'
E, [2019-03-05T11:35:26.878422 #889] ERROR -- Kitchen: /opt/chefdk/embedded/lib/ruby/2.5.0/benchmark.rb:293:in `measure'
E, [2019-03-05T11:35:26.878462 #889] ERROR -- Kitchen: /opt/chefdk/embedded/lib/ruby/gems/2.5.0/gems/test-kitchen-1.24.0/lib/kitchen/command/action.rb:34:in `call'
E, [2019-03-05T11:35:26.878500 #889] ERROR -- Kitchen: /opt/chefdk/embedded/lib/ruby/gems/2.5.0/gems/test-kitchen-1.24.0/lib/kitchen/cli.rb:52:in `perform'
E, [2019-03-05T11:35:26.878537 #889] ERROR -- Kitchen: /opt/chefdk/embedded/lib/ruby/gems/2.5.0/gems/test-kitchen-1.24.0/lib/kitchen/cli.rb:193:in `block (2 levels) in <class:CLI>'
E, [2019-03-05T11:35:26.878574 #889] ERROR -- Kitchen: /opt/chefdk/embedded/lib/ruby/gems/2.5.0/gems/thor-0.20.3/lib/thor/command.rb:27:in `run'
E, [2019-03-05T11:35:26.878611 #889] ERROR -- Kitchen: /opt/chefdk/embedded/lib/ruby/gems/2.5.0/gems/thor-0.20.3/lib/thor/invocation.rb:126:in `invoke_command'
E, [2019-03-05T11:35:26.878649 #889] ERROR -- Kitchen: /opt/chefdk/embedded/lib/ruby/gems/2.5.0/gems/thor-0.20.3/lib/thor.rb:387:in `dispatch'
E, [2019-03-05T11:35:26.878688 #889] ERROR -- Kitchen: /opt/chefdk/embedded/lib/ruby/gems/2.5.0/gems/thor-0.20.3/lib/thor/base.rb:466:in `start'
E, [2019-03-05T11:35:26.878727 #889] ERROR -- Kitchen: /opt/chefdk/embedded/lib/ruby/gems/2.5.0/gems/test-kitchen-1.24.0/bin/kitchen:13:in `block in <top (required)>'
E, [2019-03-05T11:35:26.878763 #889] ERROR -- Kitchen: /opt/chefdk/embedded/lib/ruby/gems/2.5.0/gems/test-kitchen-1.24.0/lib/kitchen/errors.rb:171:in `with_friendly_errors'
E, [2019-03-05T11:35:26.878802 #889] ERROR -- Kitchen: /opt/chefdk/embedded/lib/ruby/gems/2.5.0/gems/test-kitchen-1.24.0/bin/kitchen:13:in `<top (required)>'
E, [2019-03-05T11:35:26.878839 #889] ERROR -- Kitchen: /usr/local/bin/kitchen:306:in `load'
E, [2019-03-05T11:35:26.878875 #889] ERROR -- Kitchen: /usr/local/bin/kitchen:306:in `<main>'
E, [2019-03-05T11:35:26.878911 #889] ERROR -- Kitchen: ----End Backtrace-----
E, [2019-03-05T11:35:26.878947 #889] ERROR -- Kitchen: -Composite Exception--
E, [2019-03-05T11:35:26.878983 #889] ERROR -- Kitchen: Class: Kitchen::InstanceFailure
E, [2019-03-05T11:35:26.879019 #889] ERROR -- Kitchen: Message: Converge failed on instance <default-hashicorp-precise64>.  Please see .kitchen/logs/default-hashicorp-precise64.log for more details
E, [2019-03-05T11:35:26.879057 #889] ERROR -- Kitchen: ----------------------
E, [2019-03-05T11:35:26.879093 #889] ERROR -- Kitchen: ------Backtrace-------
E, [2019-03-05T11:35:26.879191 #889] ERROR -- Kitchen: /opt/chefdk/embedded/lib/ruby/gems/2.5.0/gems/test-kitchen-1.24.0/lib/kitchen/provisioner/base.rb:95:in `rescue in call'
E, [2019-03-05T11:35:26.879240 #889] ERROR -- Kitchen: /opt/chefdk/embedded/lib/ruby/gems/2.5.0/gems/test-kitchen-1.24.0/lib/kitchen/provisioner/base.rb:71:in `call'
E, [2019-03-05T11:35:26.879305 #889] ERROR -- Kitchen: /opt/chefdk/embedded/lib/ruby/gems/2.5.0/gems/test-kitchen-1.24.0/lib/kitchen/instance.rb:408:in `block in converge_action'
E, [2019-03-05T11:35:26.879386 #889] ERROR -- Kitchen: /opt/chefdk/embedded/lib/ruby/gems/2.5.0/gems/test-kitchen-1.24.0/lib/kitchen/instance.rb:551:in `synchronize_or_call'
E, [2019-03-05T11:35:26.879430 #889] ERROR -- Kitchen: /opt/chefdk/embedded/lib/ruby/gems/2.5.0/gems/test-kitchen-1.24.0/lib/kitchen/instance.rb:513:in `block in action'
E, [2019-03-05T11:35:26.879471 #889] ERROR -- Kitchen: /opt/chefdk/embedded/lib/ruby/2.5.0/benchmark.rb:293:in `measure'
E, [2019-03-05T11:35:26.879511 #889] ERROR -- Kitchen: /opt/chefdk/embedded/lib/ruby/gems/2.5.0/gems/test-kitchen-1.24.0/lib/kitchen/instance.rb:512:in `action'
E, [2019-03-05T11:35:26.879549 #889] ERROR -- Kitchen: /opt/chefdk/embedded/lib/ruby/gems/2.5.0/gems/test-kitchen-1.24.0/lib/kitchen/instance.rb:404:in `converge_action'
E, [2019-03-05T11:35:26.879619 #889] ERROR -- Kitchen: /opt/chefdk/embedded/lib/ruby/gems/2.5.0/gems/test-kitchen-1.24.0/lib/kitchen/instance.rb:382:in `block (2 levels) in transition_to'
E, [2019-03-05T11:35:26.879719 #889] ERROR -- Kitchen: /opt/chefdk/embedded/lib/ruby/gems/2.5.0/gems/test-kitchen-1.24.0/lib/kitchen/lifecycle_hooks.rb:45:in `run_with_hooks'
E, [2019-03-05T11:35:26.879774 #889] ERROR -- Kitchen: /opt/chefdk/embedded/lib/ruby/gems/2.5.0/gems/test-kitchen-1.24.0/lib/kitchen/instance.rb:381:in `block in transition_to'
E, [2019-03-05T11:35:26.879825 #889] ERROR -- Kitchen: /opt/chefdk/embedded/lib/ruby/gems/2.5.0/gems/test-kitchen-1.24.0/lib/kitchen/instance.rb:380:in `each'
E, [2019-03-05T11:35:26.879870 #889] ERROR -- Kitchen: /opt/chefdk/embedded/lib/ruby/gems/2.5.0/gems/test-kitchen-1.24.0/lib/kitchen/instance.rb:380:in `transition_to'
E, [2019-03-05T11:35:26.880166 #889] ERROR -- Kitchen: /opt/chefdk/embedded/lib/ruby/gems/2.5.0/gems/test-kitchen-1.24.0/lib/kitchen/instance.rb:140:in `converge'
E, [2019-03-05T11:35:26.880245 #889] ERROR -- Kitchen: /opt/chefdk/embedded/lib/ruby/gems/2.5.0/gems/test-kitchen-1.24.0/lib/kitchen/command.rb:197:in `public_send'
E, [2019-03-05T11:35:26.880292 #889] ERROR -- Kitchen: /opt/chefdk/embedded/lib/ruby/gems/2.5.0/gems/test-kitchen-1.24.0/lib/kitchen/command.rb:197:in `run_action_in_thread'
E, [2019-03-05T11:35:26.880330 #889] ERROR -- Kitchen: /opt/chefdk/embedded/lib/ruby/gems/2.5.0/gems/test-kitchen-1.24.0/lib/kitchen/command.rb:169:in `block (2 levels) in run_action'
E, [2019-03-05T11:35:26.880398 #889] ERROR -- Kitchen: ----End Backtrace-----
E, [2019-03-05T11:35:26.880460 #889] ERROR -- Kitchen: ---Nested Exception---
E, [2019-03-05T11:35:26.880503 #889] ERROR -- Kitchen: Class: Kitchen::ActionFailed
E, [2019-03-05T11:35:26.880544 #889] ERROR -- Kitchen: Message: SSH session could not be established
E, [2019-03-05T11:35:26.880593 #889] ERROR -- Kitchen: ----------------------
E, [2019-03-05T11:35:26.880629 #889] ERROR -- Kitchen: ------Backtrace-------
E, [2019-03-05T11:35:26.880665 #889] ERROR -- Kitchen: /opt/chefdk/embedded/lib/ruby/gems/2.5.0/gems/test-kitchen-1.24.0/lib/kitchen/provisioner/base.rb:95:in `rescue in call'
E, [2019-03-05T11:35:26.880706 #889] ERROR -- Kitchen: /opt/chefdk/embedded/lib/ruby/gems/2.5.0/gems/test-kitchen-1.24.0/lib/kitchen/provisioner/base.rb:71:in `call'
E, [2019-03-05T11:35:26.880745 #889] ERROR -- Kitchen: /opt/chefdk/embedded/lib/ruby/gems/2.5.0/gems/test-kitchen-1.24.0/lib/kitchen/instance.rb:408:in `block in converge_action'
E, [2019-03-05T11:35:26.880829 #889] ERROR -- Kitchen: /opt/chefdk/embedded/lib/ruby/gems/2.5.0/gems/test-kitchen-1.24.0/lib/kitchen/instance.rb:551:in `synchronize_or_call'
E, [2019-03-05T11:35:26.881120 #889] ERROR -- Kitchen: /opt/chefdk/embedded/lib/ruby/gems/2.5.0/gems/test-kitchen-1.24.0/lib/kitchen/instance.rb:513:in `block in action'
E, [2019-03-05T11:35:26.881217 #889] ERROR -- Kitchen: /opt/chefdk/embedded/lib/ruby/2.5.0/benchmark.rb:293:in `measure'
E, [2019-03-05T11:35:26.881308 #889] ERROR -- Kitchen: /opt/chefdk/embedded/lib/ruby/gems/2.5.0/gems/test-kitchen-1.24.0/lib/kitchen/instance.rb:512:in `action'
E, [2019-03-05T11:35:26.881377 #889] ERROR -- Kitchen: /opt/chefdk/embedded/lib/ruby/gems/2.5.0/gems/test-kitchen-1.24.0/lib/kitchen/instance.rb:404:in `converge_action'
E, [2019-03-05T11:35:26.881406 #889] ERROR -- Kitchen: /opt/chefdk/embedded/lib/ruby/gems/2.5.0/gems/test-kitchen-1.24.0/lib/kitchen/instance.rb:382:in `block (2 levels) in transition_to'
E, [2019-03-05T11:35:26.881431 #889] ERROR -- Kitchen: /opt/chefdk/embedded/lib/ruby/gems/2.5.0/gems/test-kitchen-1.24.0/lib/kitchen/lifecycle_hooks.rb:45:in `run_with_hooks'
E, [2019-03-05T11:35:26.881516 #889] ERROR -- Kitchen: /opt/chefdk/embedded/lib/ruby/gems/2.5.0/gems/test-kitchen-1.24.0/lib/kitchen/instance.rb:381:in `block in transition_to'
E, [2019-03-05T11:35:26.881553 #889] ERROR -- Kitchen: /opt/chefdk/embedded/lib/ruby/gems/2.5.0/gems/test-kitchen-1.24.0/lib/kitchen/instance.rb:380:in `each'
E, [2019-03-05T11:35:26.881591 #889] ERROR -- Kitchen: /opt/chefdk/embedded/lib/ruby/gems/2.5.0/gems/test-kitchen-1.24.0/lib/kitchen/instance.rb:380:in `transition_to'
E, [2019-03-05T11:35:26.881631 #889] ERROR -- Kitchen: /opt/chefdk/embedded/lib/ruby/gems/2.5.0/gems/test-kitchen-1.24.0/lib/kitchen/instance.rb:140:in `converge'
E, [2019-03-05T11:35:26.881669 #889] ERROR -- Kitchen: /opt/chefdk/embedded/lib/ruby/gems/2.5.0/gems/test-kitchen-1.24.0/lib/kitchen/command.rb:197:in `public_send'
E, [2019-03-05T11:35:26.881707 #889] ERROR -- Kitchen: /opt/chefdk/embedded/lib/ruby/gems/2.5.0/gems/test-kitchen-1.24.0/lib/kitchen/command.rb:197:in `run_action_in_thread'
E, [2019-03-05T11:35:26.881746 #889] ERROR -- Kitchen: /opt/chefdk/embedded/lib/ruby/gems/2.5.0/gems/test-kitchen-1.24.0/lib/kitchen/command.rb:169:in `block (2 levels) in run_action'
E, [2019-03-05T11:35:26.881785 #889] ERROR -- Kitchen: ----End Backtrace-----
