I, [2019-03-05T11:13:37.616522 #8073]  INFO -- default-hashicorp-trusty64: -----> Creating <default-hashicorp-trusty64>...
I, [2019-03-05T11:13:41.027692 #8073]  INFO -- default-hashicorp-trusty64: Bringing machine 'default' up with 'virtualbox' provider...
I, [2019-03-05T11:13:41.296872 #8073]  INFO -- default-hashicorp-trusty64: ==> default: Box 'hashicorp/trusty64' could not be found. Attempting to find and install...
I, [2019-03-05T11:13:41.297137 #8073]  INFO -- default-hashicorp-trusty64:     default: Box Provider: virtualbox
I, [2019-03-05T11:13:41.297550 #8073]  INFO -- default-hashicorp-trusty64:     default: Box Version: >= 0
I, [2019-03-05T11:13:41.737762 #8073]  INFO -- default-hashicorp-trusty64: The box 'hashicorp/trusty64' could not be found or
I, [2019-03-05T11:13:41.737908 #8073]  INFO -- default-hashicorp-trusty64: could not be accessed in the remote catalog. If this is a private
I, [2019-03-05T11:13:41.737963 #8073]  INFO -- default-hashicorp-trusty64: box on HashiCorp's Vagrant Cloud, please verify you're logged in via
I, [2019-03-05T11:13:41.738009 #8073]  INFO -- default-hashicorp-trusty64: `vagrant login`. Also, please double-check the name. The expanded
I, [2019-03-05T11:13:41.738056 #8073]  INFO -- default-hashicorp-trusty64: URL and error message are shown below:
I, [2019-03-05T11:13:41.738095 #8073]  INFO -- default-hashicorp-trusty64: 
I, [2019-03-05T11:13:41.738132 #8073]  INFO -- default-hashicorp-trusty64: URL: ["https://vagrantcloud.com/hashicorp/trusty64"]
I, [2019-03-05T11:13:41.738173 #8073]  INFO -- default-hashicorp-trusty64: Error: The requested URL returned error: 404 Not Found
E, [2019-03-05T11:13:41.776777 #8073] ERROR -- default-hashicorp-trusty64: Create failed on instance <default-hashicorp-trusty64>.
E, [2019-03-05T11:13:41.777076 #8073] ERROR -- default-hashicorp-trusty64: ------Exception-------
E, [2019-03-05T11:13:41.777132 #8073] ERROR -- default-hashicorp-trusty64: Class: Kitchen::ShellOut::ShellCommandFailed
E, [2019-03-05T11:13:41.777175 #8073] ERROR -- default-hashicorp-trusty64: Message: Expected process to exit with [0], but received '1'
---- Begin output of vagrant up --no-provision --provider virtualbox ----
STDOUT: Bringing machine 'default' up with 'virtualbox' provider...
==> default: Box 'hashicorp/trusty64' could not be found. Attempting to find and install...
    default: Box Provider: virtualbox
    default: Box Version: >= 0
STDERR: The box 'hashicorp/trusty64' could not be found or
could not be accessed in the remote catalog. If this is a private
box on HashiCorp's Vagrant Cloud, please verify you're logged in via
`vagrant login`. Also, please double-check the name. The expanded
URL and error message are shown below:

URL: ["https://vagrantcloud.com/hashicorp/trusty64"]
Error: The requested URL returned error: 404 Not Found
---- End output of vagrant up --no-provision --provider virtualbox ----
Ran vagrant up --no-provision --provider virtualbox returned 1
E, [2019-03-05T11:13:41.777225 #8073] ERROR -- default-hashicorp-trusty64: ----------------------
E, [2019-03-05T11:13:41.777264 #8073] ERROR -- default-hashicorp-trusty64: ------Backtrace-------
E, [2019-03-05T11:13:41.777301 #8073] ERROR -- default-hashicorp-trusty64: /opt/chefdk/embedded/lib/ruby/gems/2.5.0/gems/test-kitchen-1.24.0/lib/kitchen/shell_out.rb:71:in `rescue in run_command'
E, [2019-03-05T11:13:41.777339 #8073] ERROR -- default-hashicorp-trusty64: /opt/chefdk/embedded/lib/ruby/gems/2.5.0/gems/test-kitchen-1.24.0/lib/kitchen/shell_out.rb:58:in `run_command'
E, [2019-03-05T11:13:41.777430 #8073] ERROR -- default-hashicorp-trusty64: /opt/chefdk/embedded/lib/ruby/gems/2.5.0/gems/kitchen-vagrant-1.4.0/lib/kitchen/driver/vagrant.rb:455:in `run_command'
E, [2019-03-05T11:13:41.777469 #8073] ERROR -- default-hashicorp-trusty64: /opt/chefdk/embedded/lib/ruby/gems/2.5.0/gems/kitchen-vagrant-1.4.0/lib/kitchen/driver/vagrant.rb:402:in `run'
E, [2019-03-05T11:13:41.777509 #8073] ERROR -- default-hashicorp-trusty64: /opt/chefdk/embedded/lib/ruby/gems/2.5.0/gems/kitchen-vagrant-1.4.0/lib/kitchen/driver/vagrant.rb:486:in `run_vagrant_up'
E, [2019-03-05T11:13:41.777586 #8073] ERROR -- default-hashicorp-trusty64: /opt/chefdk/embedded/lib/ruby/gems/2.5.0/gems/kitchen-vagrant-1.4.0/lib/kitchen/driver/vagrant.rb:112:in `create'
E, [2019-03-05T11:13:41.777646 #8073] ERROR -- default-hashicorp-trusty64: /opt/chefdk/embedded/lib/ruby/gems/2.5.0/gems/test-kitchen-1.24.0/lib/kitchen/instance.rb:484:in `public_send'
E, [2019-03-05T11:13:41.777677 #8073] ERROR -- default-hashicorp-trusty64: /opt/chefdk/embedded/lib/ruby/gems/2.5.0/gems/test-kitchen-1.24.0/lib/kitchen/instance.rb:484:in `block in perform_action'
E, [2019-03-05T11:13:41.777712 #8073] ERROR -- default-hashicorp-trusty64: /opt/chefdk/embedded/lib/ruby/gems/2.5.0/gems/test-kitchen-1.24.0/lib/kitchen/instance.rb:548:in `block in synchronize_or_call'
E, [2019-03-05T11:13:41.777742 #8073] ERROR -- default-hashicorp-trusty64: /opt/chefdk/embedded/lib/ruby/gems/2.5.0/gems/test-kitchen-1.24.0/lib/kitchen/instance.rb:546:in `synchronize'
E, [2019-03-05T11:13:41.777776 #8073] ERROR -- default-hashicorp-trusty64: /opt/chefdk/embedded/lib/ruby/gems/2.5.0/gems/test-kitchen-1.24.0/lib/kitchen/instance.rb:546:in `synchronize_or_call'
E, [2019-03-05T11:13:41.777806 #8073] ERROR -- default-hashicorp-trusty64: /opt/chefdk/embedded/lib/ruby/gems/2.5.0/gems/test-kitchen-1.24.0/lib/kitchen/instance.rb:513:in `block in action'
E, [2019-03-05T11:13:41.777841 #8073] ERROR -- default-hashicorp-trusty64: /opt/chefdk/embedded/lib/ruby/2.5.0/benchmark.rb:293:in `measure'
E, [2019-03-05T11:13:41.777871 #8073] ERROR -- default-hashicorp-trusty64: /opt/chefdk/embedded/lib/ruby/gems/2.5.0/gems/test-kitchen-1.24.0/lib/kitchen/instance.rb:512:in `action'
E, [2019-03-05T11:13:41.777906 #8073] ERROR -- default-hashicorp-trusty64: /opt/chefdk/embedded/lib/ruby/gems/2.5.0/gems/test-kitchen-1.24.0/lib/kitchen/instance.rb:484:in `perform_action'
E, [2019-03-05T11:13:41.777937 #8073] ERROR -- default-hashicorp-trusty64: /opt/chefdk/embedded/lib/ruby/gems/2.5.0/gems/test-kitchen-1.24.0/lib/kitchen/instance.rb:394:in `create_action'
E, [2019-03-05T11:13:41.777974 #8073] ERROR -- default-hashicorp-trusty64: /opt/chefdk/embedded/lib/ruby/gems/2.5.0/gems/test-kitchen-1.24.0/lib/kitchen/instance.rb:382:in `block (2 levels) in transition_to'
E, [2019-03-05T11:13:41.778004 #8073] ERROR -- default-hashicorp-trusty64: /opt/chefdk/embedded/lib/ruby/gems/2.5.0/gems/test-kitchen-1.24.0/lib/kitchen/lifecycle_hooks.rb:45:in `run_with_hooks'
E, [2019-03-05T11:13:41.778038 #8073] ERROR -- default-hashicorp-trusty64: /opt/chefdk/embedded/lib/ruby/gems/2.5.0/gems/test-kitchen-1.24.0/lib/kitchen/instance.rb:381:in `block in transition_to'
E, [2019-03-05T11:13:41.778069 #8073] ERROR -- default-hashicorp-trusty64: /opt/chefdk/embedded/lib/ruby/gems/2.5.0/gems/test-kitchen-1.24.0/lib/kitchen/instance.rb:380:in `each'
E, [2019-03-05T11:13:41.778130 #8073] ERROR -- default-hashicorp-trusty64: /opt/chefdk/embedded/lib/ruby/gems/2.5.0/gems/test-kitchen-1.24.0/lib/kitchen/instance.rb:380:in `transition_to'
E, [2019-03-05T11:13:41.778165 #8073] ERROR -- default-hashicorp-trusty64: /opt/chefdk/embedded/lib/ruby/gems/2.5.0/gems/test-kitchen-1.24.0/lib/kitchen/instance.rb:140:in `converge'
E, [2019-03-05T11:13:41.778200 #8073] ERROR -- default-hashicorp-trusty64: /opt/chefdk/embedded/lib/ruby/gems/2.5.0/gems/test-kitchen-1.24.0/lib/kitchen/command.rb:197:in `public_send'
E, [2019-03-05T11:13:41.778230 #8073] ERROR -- default-hashicorp-trusty64: /opt/chefdk/embedded/lib/ruby/gems/2.5.0/gems/test-kitchen-1.24.0/lib/kitchen/command.rb:197:in `run_action_in_thread'
E, [2019-03-05T11:13:41.778267 #8073] ERROR -- default-hashicorp-trusty64: /opt/chefdk/embedded/lib/ruby/gems/2.5.0/gems/test-kitchen-1.24.0/lib/kitchen/command.rb:169:in `block (2 levels) in run_action'
E, [2019-03-05T11:13:41.778302 #8073] ERROR -- default-hashicorp-trusty64: ----End Backtrace-----
E, [2019-03-05T11:13:41.778331 #8073] ERROR -- default-hashicorp-trusty64: ---Nested Exception---
E, [2019-03-05T11:13:41.778365 #8073] ERROR -- default-hashicorp-trusty64: Class: Mixlib::ShellOut::ShellCommandFailed
E, [2019-03-05T11:13:41.778419 #8073] ERROR -- default-hashicorp-trusty64: Message: Expected process to exit with [0], but received '1'
---- Begin output of vagrant up --no-provision --provider virtualbox ----
STDOUT: Bringing machine 'default' up with 'virtualbox' provider...
==> default: Box 'hashicorp/trusty64' could not be found. Attempting to find and install...
    default: Box Provider: virtualbox
    default: Box Version: >= 0
STDERR: The box 'hashicorp/trusty64' could not be found or
could not be accessed in the remote catalog. If this is a private
box on HashiCorp's Vagrant Cloud, please verify you're logged in via
`vagrant login`. Also, please double-check the name. The expanded
URL and error message are shown below:

URL: ["https://vagrantcloud.com/hashicorp/trusty64"]
Error: The requested URL returned error: 404 Not Found
---- End output of vagrant up --no-provision --provider virtualbox ----
Ran vagrant up --no-provision --provider virtualbox returned 1
E, [2019-03-05T11:13:41.778462 #8073] ERROR -- default-hashicorp-trusty64: ----------------------
E, [2019-03-05T11:13:41.778492 #8073] ERROR -- default-hashicorp-trusty64: ------Backtrace-------
E, [2019-03-05T11:13:41.778580 #8073] ERROR -- default-hashicorp-trusty64: /opt/chefdk/embedded/lib/ruby/gems/2.5.0/gems/test-kitchen-1.24.0/lib/kitchen/shell_out.rb:71:in `rescue in run_command'
E, [2019-03-05T11:13:41.778611 #8073] ERROR -- default-hashicorp-trusty64: /opt/chefdk/embedded/lib/ruby/gems/2.5.0/gems/test-kitchen-1.24.0/lib/kitchen/shell_out.rb:58:in `run_command'
E, [2019-03-05T11:13:41.778641 #8073] ERROR -- default-hashicorp-trusty64: /opt/chefdk/embedded/lib/ruby/gems/2.5.0/gems/kitchen-vagrant-1.4.0/lib/kitchen/driver/vagrant.rb:455:in `run_command'
E, [2019-03-05T11:13:41.778671 #8073] ERROR -- default-hashicorp-trusty64: /opt/chefdk/embedded/lib/ruby/gems/2.5.0/gems/kitchen-vagrant-1.4.0/lib/kitchen/driver/vagrant.rb:402:in `run'
E, [2019-03-05T11:13:41.778705 #8073] ERROR -- default-hashicorp-trusty64: /opt/chefdk/embedded/lib/ruby/gems/2.5.0/gems/kitchen-vagrant-1.4.0/lib/kitchen/driver/vagrant.rb:486:in `run_vagrant_up'
E, [2019-03-05T11:13:41.778776 #8073] ERROR -- default-hashicorp-trusty64: /opt/chefdk/embedded/lib/ruby/gems/2.5.0/gems/kitchen-vagrant-1.4.0/lib/kitchen/driver/vagrant.rb:112:in `create'
E, [2019-03-05T11:13:41.778884 #8073] ERROR -- default-hashicorp-trusty64: /opt/chefdk/embedded/lib/ruby/gems/2.5.0/gems/test-kitchen-1.24.0/lib/kitchen/instance.rb:484:in `public_send'
E, [2019-03-05T11:13:41.778935 #8073] ERROR -- default-hashicorp-trusty64: /opt/chefdk/embedded/lib/ruby/gems/2.5.0/gems/test-kitchen-1.24.0/lib/kitchen/instance.rb:484:in `block in perform_action'
E, [2019-03-05T11:13:41.778974 #8073] ERROR -- default-hashicorp-trusty64: /opt/chefdk/embedded/lib/ruby/gems/2.5.0/gems/test-kitchen-1.24.0/lib/kitchen/instance.rb:548:in `block in synchronize_or_call'
E, [2019-03-05T11:13:41.779018 #8073] ERROR -- default-hashicorp-trusty64: /opt/chefdk/embedded/lib/ruby/gems/2.5.0/gems/test-kitchen-1.24.0/lib/kitchen/instance.rb:546:in `synchronize'
E, [2019-03-05T11:13:41.779059 #8073] ERROR -- default-hashicorp-trusty64: /opt/chefdk/embedded/lib/ruby/gems/2.5.0/gems/test-kitchen-1.24.0/lib/kitchen/instance.rb:546:in `synchronize_or_call'
E, [2019-03-05T11:13:41.779100 #8073] ERROR -- default-hashicorp-trusty64: /opt/chefdk/embedded/lib/ruby/gems/2.5.0/gems/test-kitchen-1.24.0/lib/kitchen/instance.rb:513:in `block in action'
E, [2019-03-05T11:13:41.779137 #8073] ERROR -- default-hashicorp-trusty64: /opt/chefdk/embedded/lib/ruby/2.5.0/benchmark.rb:293:in `measure'
E, [2019-03-05T11:13:41.779192 #8073] ERROR -- default-hashicorp-trusty64: /opt/chefdk/embedded/lib/ruby/gems/2.5.0/gems/test-kitchen-1.24.0/lib/kitchen/instance.rb:512:in `action'
E, [2019-03-05T11:13:41.779238 #8073] ERROR -- default-hashicorp-trusty64: /opt/chefdk/embedded/lib/ruby/gems/2.5.0/gems/test-kitchen-1.24.0/lib/kitchen/instance.rb:484:in `perform_action'
E, [2019-03-05T11:13:41.779382 #8073] ERROR -- default-hashicorp-trusty64: /opt/chefdk/embedded/lib/ruby/gems/2.5.0/gems/test-kitchen-1.24.0/lib/kitchen/instance.rb:394:in `create_action'
E, [2019-03-05T11:13:41.779468 #8073] ERROR -- default-hashicorp-trusty64: /opt/chefdk/embedded/lib/ruby/gems/2.5.0/gems/test-kitchen-1.24.0/lib/kitchen/instance.rb:382:in `block (2 levels) in transition_to'
E, [2019-03-05T11:13:41.779516 #8073] ERROR -- default-hashicorp-trusty64: /opt/chefdk/embedded/lib/ruby/gems/2.5.0/gems/test-kitchen-1.24.0/lib/kitchen/lifecycle_hooks.rb:45:in `run_with_hooks'
E, [2019-03-05T11:13:41.779559 #8073] ERROR -- default-hashicorp-trusty64: /opt/chefdk/embedded/lib/ruby/gems/2.5.0/gems/test-kitchen-1.24.0/lib/kitchen/instance.rb:381:in `block in transition_to'
E, [2019-03-05T11:13:41.779604 #8073] ERROR -- default-hashicorp-trusty64: /opt/chefdk/embedded/lib/ruby/gems/2.5.0/gems/test-kitchen-1.24.0/lib/kitchen/instance.rb:380:in `each'
E, [2019-03-05T11:13:41.779651 #8073] ERROR -- default-hashicorp-trusty64: /opt/chefdk/embedded/lib/ruby/gems/2.5.0/gems/test-kitchen-1.24.0/lib/kitchen/instance.rb:380:in `transition_to'
E, [2019-03-05T11:13:41.779695 #8073] ERROR -- default-hashicorp-trusty64: /opt/chefdk/embedded/lib/ruby/gems/2.5.0/gems/test-kitchen-1.24.0/lib/kitchen/instance.rb:140:in `converge'
E, [2019-03-05T11:13:41.779733 #8073] ERROR -- default-hashicorp-trusty64: /opt/chefdk/embedded/lib/ruby/gems/2.5.0/gems/test-kitchen-1.24.0/lib/kitchen/command.rb:197:in `public_send'
E, [2019-03-05T11:13:41.779776 #8073] ERROR -- default-hashicorp-trusty64: /opt/chefdk/embedded/lib/ruby/gems/2.5.0/gems/test-kitchen-1.24.0/lib/kitchen/command.rb:197:in `run_action_in_thread'
E, [2019-03-05T11:13:41.779825 #8073] ERROR -- default-hashicorp-trusty64: /opt/chefdk/embedded/lib/ruby/gems/2.5.0/gems/test-kitchen-1.24.0/lib/kitchen/command.rb:169:in `block (2 levels) in run_action'
E, [2019-03-05T11:13:41.779865 #8073] ERROR -- default-hashicorp-trusty64: ----End Backtrace-----
